<?xml version="1.0" encoding="UTF-8"?>
<!-- Generated by org.testng.reporters.JUnitReportReporter -->
<testsuite hostname="EC2AMAZ-S11DBRH" failures="0" tests="1" name="CheckBox.checkboxVal" time="0.012" errors="0" timestamp="2024-03-13T05:58:15 GMT" skipped="0">
  <testcase classname="CheckBox.checkboxVal" name="example" time="0.012"/>
</testsuite> <!-- CheckBox.checkboxVal -->
